  2025-05-13T21:44:27.904164Z ERROR tui: Creating UI...
    at crates\tui\src\main.rs:15

  2025-05-13T21:52:33.923578Z DEBUG tui: Creating UI
    at crates\tui\src\main.rs:15

  2025-05-13T21:52:33.924793Z DEBUG tui: Running UI
    at crates\tui\src\main.rs:17

  2025-05-13T21:52:37.779279Z DEBUG tui::ui::components::phantom_listener: Key event, code: "Esc"
    at crates\tui\src\ui\components\phantom_listener.rs:25

  2025-05-13T21:56:26.028768Z DEBUG tui: Creating UI
    at crates\tui\src\main.rs:15

  2025-05-13T21:56:26.029869Z DEBUG tui: Running UI
    at crates\tui\src\main.rs:17

  2025-05-13T21:56:26.647331Z DEBUG tui::ui::components::phantom_listener: Phantom listener received, code: "Esc"
    at crates\tui\src\ui\components\phantom_listener.rs:25

  2025-05-13T21:56:28.597111Z DEBUG tui: Creating UI
    at crates\tui\src\main.rs:15

  2025-05-13T21:56:28.598043Z DEBUG tui: Running UI
    at crates\tui\src\main.rs:17

  2025-05-13T21:56:29.837731Z DEBUG tui::ui::components::phantom_listener: Phantom listener received, code: "Esc"
    at crates\tui\src\ui\components\phantom_listener.rs:25

  2025-05-13T21:57:01.322182Z DEBUG tui: Creating UI
    at crates\tui\src\main.rs:15

  2025-05-13T21:57:01.323124Z DEBUG tui: Running UI
    at crates\tui\src\main.rs:17

  2025-05-13T21:57:03.609019Z DEBUG tui::ui::components::phantom_listener: Phantom listener received, code: "Esc"
    at crates\tui\src\ui\components\phantom_listener.rs:25

  2025-05-13T22:06:20.084783Z DEBUG tui: Creating UI
    at crates\tui\src\main.rs:15

  2025-05-13T22:06:20.085929Z DEBUG tui: Running UI
    at crates\tui\src\main.rs:17

  2025-05-13T22:06:23.527720Z DEBUG tui::ui::components::phantom_listener: Phantom listener received, code: "Esc", modifier: "KeyModifiers(0)"
    at crates\tui\src\ui\components\phantom_listener.rs:29

  2025-05-13T22:08:00.459457Z DEBUG tui: Creating UI
    at crates\tui\src\main.rs:15

  2025-05-13T22:08:00.460552Z DEBUG tui: Running UI
    at crates\tui\src\main.rs:17

  2025-05-13T22:08:01.227130Z DEBUG tui::ui::components::phantom_listener: Key pressed, code: "Char('c')", modifier: "KeyModifiers(2)"
    at crates\tui\src\ui\components\phantom_listener.rs:29

  2025-05-13T22:08:02.749527Z DEBUG tui: Creating UI
    at crates\tui\src\main.rs:15

  2025-05-13T22:08:02.750414Z DEBUG tui: Running UI
    at crates\tui\src\main.rs:17

  2025-05-13T22:08:03.199331Z DEBUG tui::ui::components::phantom_listener: Key pressed, code: "Char('c')", modifier: "KeyModifiers(2)"
    at crates\tui\src\ui\components\phantom_listener.rs:29

  2025-05-13T22:08:04.189593Z DEBUG tui: Creating UI
    at crates\tui\src\main.rs:15

  2025-05-13T22:08:04.190541Z DEBUG tui: Running UI
    at crates\tui\src\main.rs:17

  2025-05-13T22:08:04.550518Z DEBUG tui::ui::components::phantom_listener: Key pressed, code: "Esc", modifier: "KeyModifiers(0)"
    at crates\tui\src\ui\components\phantom_listener.rs:29

